Starting...
Reading from file eje0.cbl . . .
    t1 := 2
    t2 := 1
    t3 := 4
    t4 := t2 + t3
    t5 := t1 * t4
    V1 := t5
    t6 := 1
    V1 := V1 + t6
    t7 := 2
    t8 := 1
    t9 := 4
    t10 := t8 + t9
    t11 := t7 * t10
    V1 := V1 - t11
    lee V1
    print V1
    print 2.34e-10
    print "My age is "
    print 45
    print ", and my weight is "
    print 63.5
    print " Kgs"
    t12 := 0
    if VAR1<=t12 goto LBL0
    print VTHEN
    goto LBL1
LBL0:
    print VELSE
LBL1:
    t13 := 0
    if VAR1<t13 goto LBL2
    print 1
    goto LBL3
LBL2:
    t14 := 0
    if VAR2!=t14 goto LBL4
    print 2
    goto LBL5
LBL4:
    print 666
LBL5:
LBL3:
    t15 := 1
    VAR := t15
    t16 := 20
    t17 := 2
LBL6:
    print VAR
    VAR := VAR + t17
    if VAR<t16 goto LBL6
    t18 := 10
    t19 := 2
    t20 := t18 + t19
    F := t20
    VAR := F
    t21 := 20
LBL7:
    print VAR
    VAR := VAR + 1
    if VAR<t21 goto LBL7
    t22 := 10
    V := t22
LBL8:
    t23 := 0
    if V>t23 goto LBL9
    print V
    t24 := 1
    V := V - t24
    goto LBL8
LBL9:
Program parsed successfully.
